
 /----------------------------------------------------------------------------\
 |  yosys -- Yosys Open SYnthesis Suite                                       |
 |  Copyright (C) 2012 - 2026  Claire Xenia Wolf <claire@yosyshq.com>         |
 |  Distributed under an ISC-like license, type "license" to see terms        |
 \----------------------------------------------------------------------------/
 Yosys 0.67+40 (git sha1 45ea2b8d6-dirty, Release, GNU /usr/bin/x86_64-w64-mingw32-g++ 13.2.1)

-- Executing script file `design_smt2.ys' --

1. Executing RTLIL frontend.
Input filename: design_prep.il

2. Executing HIERARCHY pass (managing design hierarchy).
Attribute `top' found on module `f_top'. Setting top module to f_top.

2.1. Analyzing design hierarchy..
Top module:  \f_top
Used module:     \cordic

2.2. Analyzing design hierarchy..
Top module:  \f_top
Used module:     \cordic
Removed 0 unused modules.
Module cordic directly or indirectly contains formal properties -> setting "keep" attribute.
Module f_top directly or indirectly contains formal properties -> setting "keep" attribute.

3. Executing FORMALFF pass.

4. Executing DFFUNMAP pass (unmap clock enable and synchronous reset from FFs).

5. Printing statistics.

=== cordic ===

        +----------Local Count, excluding submodules.
        | 
      169 wires
      862 wire bits
       46 public wires
      231 public wire bits
       11 ports
      101 port bits
      165 cells
        3   $add
       11   $and
       18   $anyinit
        1   $assume
        2   $cover
        5   $eq
        3   $ff
        1   $le
        3   $logic_and
        4   $logic_not
        1   $lt
        1   $mem_v2
       73   $mux
        9   $not
        6   $or
        8   $pmux
        2   $reduce_or
        3   $shiftx
        2   $sub
        9   $xor

=== f_top ===

        +----------Local Count, excluding submodules.
        | 
        8 wires
       53 wire bits
        7 public wires
       52 public wire bits
        6 ports
       51 port bits
        3 cells
        1   $assume
        1   $ff
        1   $not
        1 submodules
        1   cordic

=== design hierarchy ===

        +----------Count including submodules.
        | 
      168 f_top
      165 cordic

        +----------Count including submodules.
        | 
      177 wires
      915 wire bits
       53 public wires
      283 public wire bits
       17 ports
      152 port bits
        - memories
        - memory bits
        - processes
      168 cells
        3   $add
       11   $and
       18   $anyinit
        2   $assume
        2   $cover
        5   $eq
        4   $ff
        1   $le
        3   $logic_and
        4   $logic_not
        1   $lt
        1   $mem_v2
       73   $mux
       10   $not
        6   $or
        8   $pmux
        2   $reduce_or
        3   $shiftx
        2   $sub
        9   $xor
        1 submodules
        1   cordic

6. Executing SMT2 backend.

6.1. Executing BMUXMAP pass.

6.2. Executing DEMUXMAP pass.
Creating SMT-LIBv2 representation of module cordic.
Creating SMT-LIBv2 representation of module f_top.

End of script. Logfile hash: 58f9260485
Yosys 0.67+40 (git sha1 45ea2b8d6-dirty, Release, GNU /usr/bin/x86_64-w64-mingw32-g++ 13.2.1)
Time spent: 10% 2x write_smt2 (0 sec), 10% 2x read_rtlil (0 sec), ...
