
 /----------------------------------------------------------------------------\
 |  yosys -- Yosys Open SYnthesis Suite                                       |
 |  Copyright (C) 2012 - 2026  Claire Xenia Wolf <claire@yosyshq.com>         |
 |  Distributed under an ISC-like license, type "license" to see terms        |
 \----------------------------------------------------------------------------/
 Yosys 0.67+40 (git sha1 45ea2b8d6-dirty, Release, GNU /usr/bin/x86_64-w64-mingw32-g++ 13.2.1)

-- Executing script file `design_prep.ys' --

1. Executing RTLIL frontend.
Input filename: design.il

2. Executing SCC pass (detecting logic loops).
Found 0 SCCs in module cordic.
Found 0 SCCs in module f_top.
Found 0 SCCs.

3. Executing SIMPLEMAP pass (map simple cells to gate primitives).

4. Executing MEMORY_NORDFF pass (extracting $dff cells from memories).

5. Executing ASYNC2SYNC pass.

6. Executing OPT_CLEAN pass (remove unused cells and wires).
Finding unused cells or wires in module \cordic..
Finding unused cells or wires in module \f_top..
Removed 31 unused cells and 31 unused wires.
<suppressed ~32 debug messages>

7. Executing FORMALFF pass.

8. Executing OPT_CLEAN pass (remove unused cells and wires).
Finding unused cells or wires in module \cordic..
Finding unused cells or wires in module \f_top..
Removed 9 unused cells and 9 unused wires.
<suppressed ~11 debug messages>

9. Executing CHECK pass (checking for obvious problems).
Checking module cordic...
Checking module f_top...
Found and reported 0 problems.

10. Executing SETUNDEF pass (replace undef values with defined constants).

11. Executing OPT pass (performing simple optimizations).

11.1. Executing OPT_EXPR pass (perform const folding).
Optimizing module cordic.
Optimizing module f_top.

11.2. Executing OPT_MERGE pass (detect identical cells).
Finding identical cells in module `\cordic'.
Computing hashes of 221 cells of `\cordic'.
Finding duplicate cells in `\cordic'.
Computing hashes of 218 cells of `\cordic'.
Finding duplicate cells in `\cordic'.
<suppressed ~9 debug messages>
Finding identical cells in module `\f_top'.
Computing hashes of 2 cells of `\f_top'.
Finding duplicate cells in `\f_top'.
Removed a total of 3 cells.

11.3. Executing OPT_DFF pass (perform DFF optimizations).

11.4. Executing OPT_CLEAN pass (remove unused cells and wires).
Finding unused cells or wires in module \cordic..
Finding unused cells or wires in module \f_top..
Removed 3 unused cells and 9 unused wires.
<suppressed ~7 debug messages>

11.5. Finished fast OPT passes.

12. Executing OPT_CLEAN pass (remove unused cells and wires).
Finding unused cells or wires in module \cordic..
Finding unused cells or wires in module \f_top..
Removed 0 unused cells and 1 unused wires.
<suppressed ~1 debug messages>

13. Executing RTLIL backend.
Output filename: ../model/design_prep.il

End of script. Logfile hash: dac77a508d
Yosys 0.67+40 (git sha1 45ea2b8d6-dirty, Release, GNU /usr/bin/x86_64-w64-mingw32-g++ 13.2.1)
Time spent: 5% 4x opt_clean (0 sec), 5% 4x id_gc (0 sec), ...
